[2025-12-08T14:47:18.821+0000] {local_task_job_runner.py:120} INFO - ::group::Pre task execution logs
[2025-12-08T14:47:18.832+0000] {taskinstance.py:2076} INFO - Dependencies all met for dep_context=non-requeueable deps ti=<TaskInstance: 01_load_row.task_update_mart manual__2025-12-08T14:46:57.144038+00:00 [queued]>
[2025-12-08T14:47:18.835+0000] {taskinstance.py:2076} INFO - Dependencies all met for dep_context=requeueable deps ti=<TaskInstance: 01_load_row.task_update_mart manual__2025-12-08T14:46:57.144038+00:00 [queued]>
[2025-12-08T14:47:18.835+0000] {taskinstance.py:2306} INFO - Starting attempt 1 of 2
[2025-12-08T14:47:18.845+0000] {taskinstance.py:2330} INFO - Executing <Task(SnowflakeOperator): task_update_mart> on 2025-12-08 14:46:57.144038+00:00
[2025-12-08T14:47:18.853+0000] {standard_task_runner.py:90} INFO - Running: ['***', 'tasks', 'run', '01_load_row', 'task_update_mart', 'manual__2025-12-08T14:46:57.144038+00:00', '--job-id', '22', '--raw', '--subdir', 'DAGS_FOLDER/01_load_row.py', '--cfg-path', '/tmp/tmpeb8qr5xn']
[2025-12-08T14:47:18.854+0000] {standard_task_runner.py:91} INFO - Job 22: Subtask task_update_mart
[2025-12-08T14:47:18.854+0000] {logging_mixin.py:188} WARNING - /home/***/.local/lib/python3.12/site-packages/***/task/task_runner/standard_task_runner.py:61 DeprecationWarning: This process (pid=951) is multi-threaded, use of fork() may lead to deadlocks in the child.
[2025-12-08T14:47:18.855+0000] {standard_task_runner.py:63} INFO - Started process 954 to run task
[2025-12-08T14:47:18.873+0000] {task_command.py:426} INFO - Running <TaskInstance: 01_load_row.task_update_mart manual__2025-12-08T14:46:57.144038+00:00 [running]> on host adc057c3c16c
[2025-12-08T14:47:18.905+0000] {taskinstance.py:2648} INFO - Exporting env vars: AIRFLOW_CTX_DAG_OWNER='***' AIRFLOW_CTX_DAG_ID='01_load_row' AIRFLOW_CTX_TASK_ID='task_update_mart' AIRFLOW_CTX_EXECUTION_DATE='2025-12-08T14:46:57.144038+00:00' AIRFLOW_CTX_TRY_NUMBER='1' AIRFLOW_CTX_DAG_RUN_ID='manual__2025-12-08T14:46:57.144038+00:00'
[2025-12-08T14:47:18.906+0000] {taskinstance.py:430} INFO - ::endgroup::
[2025-12-08T14:47:18.915+0000] {sql.py:276} INFO - Executing: CALL AIRLINE_DWH.DATA_MARTS.LOAD_DM_AIRPORT_STATS();
[2025-12-08T14:47:18.919+0000] {base.py:84} INFO - Using connection ID 'snowflake_conn' for task execution.
[2025-12-08T14:47:18.923+0000] {base.py:84} INFO - Using connection ID 'snowflake_conn' for task execution.
[2025-12-08T14:47:18.923+0000] {connection.py:399} INFO - Snowflake Connector for Python Version: 3.10.0, Python Version: 3.12.3, Platform: Linux-6.10.14-linuxkit-aarch64-with-glibc2.36
[2025-12-08T14:47:18.924+0000] {connection.py:1239} INFO - This connection is in OCSP Fail Open Mode. TLS Certificates would be checked for validity and revocation status. Any other Certificate Revocation related exceptions or OCSP Responder failures would be disregarded in favor of connectivity.
[2025-12-08T14:47:19.231+0000] {cursor.py:1149} INFO - Number of results in first chunk: 1
[2025-12-08T14:47:19.232+0000] {sql.py:470} INFO - Running statement: CALL AIRLINE_DWH.DATA_MARTS.LOAD_DM_AIRPORT_STATS();, parameters: None
[2025-12-08T14:47:19.860+0000] {cursor.py:1149} INFO - Number of results in first chunk: 1
[2025-12-08T14:47:19.862+0000] {sql.py:479} INFO - Rows affected: 1
[2025-12-08T14:47:19.864+0000] {snowflake.py:407} INFO - Rows affected: 1
[2025-12-08T14:47:19.865+0000] {snowflake.py:408} INFO - Snowflake query id: 01c0ea37-0004-f671-0001-1a22000190d6
[2025-12-08T14:47:19.948+0000] {cursor.py:1149} INFO - Number of results in first chunk: 1
[2025-12-08T14:47:19.949+0000] {connection.py:762} INFO - closed
[2025-12-08T14:47:19.999+0000] {connection.py:768} INFO - No async queries seem to be running, deleting session
[2025-12-08T14:47:20.058+0000] {taskinstance.py:441} INFO - ::group::Post task execution logs
[2025-12-08T14:47:20.087+0000] {taskinstance.py:1206} INFO - Marking task as SUCCESS. dag_id=01_load_row, task_id=task_update_mart, run_id=manual__2025-12-08T14:46:57.144038+00:00, execution_date=20251208T144657, start_date=20251208T144718, end_date=20251208T144720
[2025-12-08T14:47:20.107+0000] {local_task_job_runner.py:240} INFO - Task exited with return code 0
[2025-12-08T14:47:20.120+0000] {taskinstance.py:3498} INFO - 0 downstream tasks scheduled from follow-on schedule check
[2025-12-08T14:47:20.120+0000] {local_task_job_runner.py:222} INFO - ::endgroup::
