[2025-12-08T14:57:58.776+0000] {local_task_job_runner.py:120} INFO - ::group::Pre task execution logs
[2025-12-08T14:57:58.787+0000] {taskinstance.py:2076} INFO - Dependencies all met for dep_context=non-requeueable deps ti=<TaskInstance: 01_load_row.task_load_csv manual__2025-12-08T14:57:50.626445+00:00 [queued]>
[2025-12-08T14:57:58.790+0000] {taskinstance.py:2076} INFO - Dependencies all met for dep_context=requeueable deps ti=<TaskInstance: 01_load_row.task_load_csv manual__2025-12-08T14:57:50.626445+00:00 [queued]>
[2025-12-08T14:57:58.790+0000] {taskinstance.py:2306} INFO - Starting attempt 1 of 2
[2025-12-08T14:57:58.796+0000] {taskinstance.py:2330} INFO - Executing <Task(SnowflakeOperator): task_load_csv> on 2025-12-08 14:57:50.626445+00:00
[2025-12-08T14:57:58.803+0000] {standard_task_runner.py:90} INFO - Running: ['***', 'tasks', 'run', '01_load_row', 'task_load_csv', 'manual__2025-12-08T14:57:50.626445+00:00', '--job-id', '24', '--raw', '--subdir', 'DAGS_FOLDER/01_load_row.py', '--cfg-path', '/tmp/tmpyi1j_pzc']
[2025-12-08T14:57:58.804+0000] {standard_task_runner.py:91} INFO - Job 24: Subtask task_load_csv
[2025-12-08T14:57:58.804+0000] {logging_mixin.py:188} WARNING - /home/***/.local/lib/python3.12/site-packages/***/task/task_runner/standard_task_runner.py:61 DeprecationWarning: This process (pid=1069) is multi-threaded, use of fork() may lead to deadlocks in the child.
[2025-12-08T14:57:58.805+0000] {standard_task_runner.py:63} INFO - Started process 1072 to run task
[2025-12-08T14:57:58.823+0000] {task_command.py:426} INFO - Running <TaskInstance: 01_load_row.task_load_csv manual__2025-12-08T14:57:50.626445+00:00 [running]> on host adc057c3c16c
[2025-12-08T14:57:58.854+0000] {taskinstance.py:2648} INFO - Exporting env vars: AIRFLOW_CTX_DAG_OWNER='***' AIRFLOW_CTX_DAG_ID='01_load_row' AIRFLOW_CTX_TASK_ID='task_load_csv' AIRFLOW_CTX_EXECUTION_DATE='2025-12-08T14:57:50.626445+00:00' AIRFLOW_CTX_TRY_NUMBER='1' AIRFLOW_CTX_DAG_RUN_ID='manual__2025-12-08T14:57:50.626445+00:00'
[2025-12-08T14:57:58.854+0000] {taskinstance.py:430} INFO - ::endgroup::
[2025-12-08T14:57:58.860+0000] {sql.py:276} INFO - Executing: 
            COPY INTO AIRLINE_DWH.RAW_LAYER.STG_AIRLINE_RAW
            FROM @AIRLINE_DWH.RAW_LAYER.MY_CSV_STAGE
            FILE_FORMAT = (
                TYPE = 'CSV',
                FIELD_DELIMITER = ',',
                SKIP_HEADER = 1,
                FIELD_OPTIONALLY_ENCLOSED_BY = '"',
                TRIM_SPACE = TRUE
            )
            ON_ERROR = CONTINUE;
        
[2025-12-08T14:57:58.864+0000] {base.py:84} INFO - Using connection ID 'snowflake_conn' for task execution.
[2025-12-08T14:57:58.868+0000] {base.py:84} INFO - Using connection ID 'snowflake_conn' for task execution.
[2025-12-08T14:57:58.868+0000] {connection.py:399} INFO - Snowflake Connector for Python Version: 3.10.0, Python Version: 3.12.3, Platform: Linux-6.10.14-linuxkit-aarch64-with-glibc2.36
[2025-12-08T14:57:58.869+0000] {connection.py:1239} INFO - This connection is in OCSP Fail Open Mode. TLS Certificates would be checked for validity and revocation status. Any other Certificate Revocation related exceptions or OCSP Responder failures would be disregarded in favor of connectivity.
[2025-12-08T14:57:59.178+0000] {cursor.py:1149} INFO - Number of results in first chunk: 1
[2025-12-08T14:57:59.178+0000] {sql.py:470} INFO - Running statement: COPY INTO AIRLINE_DWH.RAW_LAYER.STG_AIRLINE_RAW
            FROM @AIRLINE_DWH.RAW_LAYER.MY_CSV_STAGE
            FILE_FORMAT = (
                TYPE = 'CSV',
                FIELD_DELIMITER = ',',
                SKIP_HEADER = 1,
                FIELD_OPTIONALLY_ENCLOSED_BY = '"',
                TRIM_SPACE = TRUE
            )
            ON_ERROR = CONTINUE;, parameters: None
[2025-12-08T14:58:01.431+0000] {cursor.py:1149} INFO - Number of results in first chunk: 1
[2025-12-08T14:58:01.432+0000] {sql.py:479} INFO - Rows affected: 1
[2025-12-08T14:58:01.433+0000] {snowflake.py:407} INFO - Rows affected: 1
[2025-12-08T14:58:01.434+0000] {snowflake.py:408} INFO - Snowflake query id: 01c0ea41-0004-f671-0001-1a2200019376
[2025-12-08T14:58:01.617+0000] {cursor.py:1149} INFO - Number of results in first chunk: 1
[2025-12-08T14:58:01.619+0000] {connection.py:762} INFO - closed
[2025-12-08T14:58:01.670+0000] {connection.py:768} INFO - No async queries seem to be running, deleting session
[2025-12-08T14:58:01.729+0000] {taskinstance.py:441} INFO - ::group::Post task execution logs
[2025-12-08T14:58:01.769+0000] {taskinstance.py:1206} INFO - Marking task as SUCCESS. dag_id=01_load_row, task_id=task_load_csv, run_id=manual__2025-12-08T14:57:50.626445+00:00, execution_date=20251208T145750, start_date=20251208T145758, end_date=20251208T145801
[2025-12-08T14:58:01.830+0000] {local_task_job_runner.py:240} INFO - Task exited with return code 0
[2025-12-08T14:58:01.851+0000] {logging_mixin.py:188} WARNING - /home/***/.local/lib/python3.12/site-packages/***/models/baseoperator.py:1296 AirflowProviderDeprecationWarning: Call to deprecated class SnowflakeOperator. (This class is deprecated. Please use `***.providers.common.sql.operators.sql.SQLExecuteQueryOperator`. Also, you can provide `hook_params={'warehouse': <warehouse>, 'database': <database>, 'role': <role>, 'schema': <schema>, 'authenticator': <authenticator>,'session_parameters': <session_parameters>}`.)
[2025-12-08T14:58:01.867+0000] {taskinstance.py:3498} INFO - 1 downstream tasks scheduled from follow-on schedule check
[2025-12-08T14:58:01.868+0000] {local_task_job_runner.py:222} INFO - ::endgroup::
