[2025-12-08T13:35:10.914+0000] {local_task_job_runner.py:120} INFO - ::group::Pre task execution logs
[2025-12-08T13:35:10.924+0000] {taskinstance.py:2076} INFO - Dependencies all met for dep_context=non-requeueable deps ti=<TaskInstance: 01_load_row.task_load_fact manual__2025-12-08T13:34:59.462463+00:00 [queued]>
[2025-12-08T13:35:10.927+0000] {taskinstance.py:2076} INFO - Dependencies all met for dep_context=requeueable deps ti=<TaskInstance: 01_load_row.task_load_fact manual__2025-12-08T13:34:59.462463+00:00 [queued]>
[2025-12-08T13:35:10.927+0000] {taskinstance.py:2306} INFO - Starting attempt 1 of 2
[2025-12-08T13:35:10.931+0000] {taskinstance.py:2330} INFO - Executing <Task(SnowflakeOperator): task_load_fact> on 2025-12-08 13:34:59.462463+00:00
[2025-12-08T13:35:10.935+0000] {standard_task_runner.py:90} INFO - Running: ['***', 'tasks', 'run', '01_load_row', 'task_load_fact', 'manual__2025-12-08T13:34:59.462463+00:00', '--job-id', '8', '--raw', '--subdir', 'DAGS_FOLDER/01_load_row.py', '--cfg-path', '/tmp/tmpjfxz9xsf']
[2025-12-08T13:35:10.936+0000] {standard_task_runner.py:91} INFO - Job 8: Subtask task_load_fact
[2025-12-08T13:35:10.936+0000] {logging_mixin.py:188} WARNING - /home/***/.local/lib/python3.12/site-packages/***/task/task_runner/standard_task_runner.py:61 DeprecationWarning: This process (pid=185) is multi-threaded, use of fork() may lead to deadlocks in the child.
[2025-12-08T13:35:10.938+0000] {standard_task_runner.py:63} INFO - Started process 188 to run task
[2025-12-08T13:35:10.953+0000] {task_command.py:426} INFO - Running <TaskInstance: 01_load_row.task_load_fact manual__2025-12-08T13:34:59.462463+00:00 [running]> on host adc057c3c16c
[2025-12-08T13:35:10.992+0000] {taskinstance.py:2648} INFO - Exporting env vars: AIRFLOW_CTX_DAG_OWNER='***' AIRFLOW_CTX_DAG_ID='01_load_row' AIRFLOW_CTX_TASK_ID='task_load_fact' AIRFLOW_CTX_EXECUTION_DATE='2025-12-08T13:34:59.462463+00:00' AIRFLOW_CTX_TRY_NUMBER='1' AIRFLOW_CTX_DAG_RUN_ID='manual__2025-12-08T13:34:59.462463+00:00'
[2025-12-08T13:35:10.993+0000] {taskinstance.py:430} INFO - ::endgroup::
[2025-12-08T13:35:11.006+0000] {sql.py:276} INFO - Executing: CALL AIRLINE_DWH.CORE_LAYER.LOAD_FACT_FLIGHTS();
[2025-12-08T13:35:11.010+0000] {base.py:84} INFO - Using connection ID 'snowflake_conn' for task execution.
[2025-12-08T13:35:11.013+0000] {base.py:84} INFO - Using connection ID 'snowflake_conn' for task execution.
[2025-12-08T13:35:11.014+0000] {connection.py:399} INFO - Snowflake Connector for Python Version: 3.10.0, Python Version: 3.12.3, Platform: Linux-6.10.14-linuxkit-aarch64-with-glibc2.36
[2025-12-08T13:35:11.015+0000] {connection.py:1239} INFO - This connection is in OCSP Fail Open Mode. TLS Certificates would be checked for validity and revocation status. Any other Certificate Revocation related exceptions or OCSP Responder failures would be disregarded in favor of connectivity.
[2025-12-08T13:35:11.337+0000] {cursor.py:1149} INFO - Number of results in first chunk: 1
[2025-12-08T13:35:11.338+0000] {sql.py:470} INFO - Running statement: CALL AIRLINE_DWH.CORE_LAYER.LOAD_FACT_FLIGHTS();, parameters: None
[2025-12-08T13:35:13.154+0000] {connection.py:762} INFO - closed
[2025-12-08T13:35:13.204+0000] {connection.py:768} INFO - No async queries seem to be running, deleting session
[2025-12-08T13:35:13.265+0000] {taskinstance.py:441} INFO - ::group::Post task execution logs
[2025-12-08T13:35:13.267+0000] {taskinstance.py:2905} ERROR - Task failed with exception
Traceback (most recent call last):
  File "/home/airflow/.local/lib/python3.12/site-packages/airflow/models/taskinstance.py", line 465, in _execute_task
    result = _execute_callable(context=context, **execute_callable_kwargs)
             ^^^^^^^^^^^^^^^^^^^^^^^^^^^^^^^^^^^^^^^^^^^^^^^^^^^^^^^^^^^^^
  File "/home/airflow/.local/lib/python3.12/site-packages/airflow/models/taskinstance.py", line 432, in _execute_callable
    return execute_callable(context=context, **execute_callable_kwargs)
           ^^^^^^^^^^^^^^^^^^^^^^^^^^^^^^^^^^^^^^^^^^^^^^^^^^^^^^^^^^^^
  File "/home/airflow/.local/lib/python3.12/site-packages/airflow/models/baseoperator.py", line 400, in wrapper
    return func(self, *args, **kwargs)
           ^^^^^^^^^^^^^^^^^^^^^^^^^^^
  File "/home/airflow/.local/lib/python3.12/site-packages/airflow/providers/common/sql/operators/sql.py", line 282, in execute
    output = hook.run(
             ^^^^^^^^^
  File "/home/airflow/.local/lib/python3.12/site-packages/airflow/providers/snowflake/hooks/snowflake.py", line 395, in run
    self._run_command(cur, sql_statement, parameters)  # type: ignore[attr-defined]
    ^^^^^^^^^^^^^^^^^^^^^^^^^^^^^^^^^^^^^^^^^^^^^^^^^
  File "/home/airflow/.local/lib/python3.12/site-packages/airflow/providers/common/sql/hooks/sql.py", line 475, in _run_command
    cur.execute(sql_statement)
  File "/home/airflow/.local/lib/python3.12/site-packages/snowflake/connector/cursor.py", line 1080, in execute
    Error.errorhandler_wrapper(self.connection, self, error_class, errvalue)
  File "/home/airflow/.local/lib/python3.12/site-packages/snowflake/connector/errors.py", line 290, in errorhandler_wrapper
    handed_over = Error.hand_to_other_handler(
                  ^^^^^^^^^^^^^^^^^^^^^^^^^^^^
  File "/home/airflow/.local/lib/python3.12/site-packages/snowflake/connector/errors.py", line 345, in hand_to_other_handler
    cursor.errorhandler(connection, cursor, error_class, error_value)
  File "/home/airflow/.local/lib/python3.12/site-packages/snowflake/connector/errors.py", line 221, in default_errorhandler
    raise error_class(
snowflake.connector.errors.ProgrammingError: 090232 (25000): 01c0e9ef-0004-f671-0001-1a2200017676: Stored procedure execution error: Scoped transaction started in stored procedure is incomplete and it was rolled back.
[2025-12-08T13:35:13.282+0000] {taskinstance.py:1206} INFO - Marking task as UP_FOR_RETRY. dag_id=01_load_row, task_id=task_load_fact, run_id=manual__2025-12-08T13:34:59.462463+00:00, execution_date=20251208T133459, start_date=20251208T133510, end_date=20251208T133513
[2025-12-08T13:35:13.294+0000] {standard_task_runner.py:110} ERROR - Failed to execute job 8 for task task_load_fact (090232 (25000): 01c0e9ef-0004-f671-0001-1a2200017676: Stored procedure execution error: Scoped transaction started in stored procedure is incomplete and it was rolled back.; 188)
[2025-12-08T13:35:13.311+0000] {local_task_job_runner.py:240} INFO - Task exited with return code 1
[2025-12-08T13:35:13.320+0000] {logging_mixin.py:188} WARNING - /home/***/.local/lib/python3.12/site-packages/***/models/baseoperator.py:1296 AirflowProviderDeprecationWarning: Call to deprecated class SnowflakeOperator. (This class is deprecated. Please use `***.providers.common.sql.operators.sql.SQLExecuteQueryOperator`. Also, you can provide `hook_params={'warehouse': <warehouse>, 'database': <database>, 'role': <role>, 'schema': <schema>, 'authenticator': <authenticator>,'session_parameters': <session_parameters>}`.)
[2025-12-08T13:35:13.328+0000] {taskinstance.py:3498} INFO - 0 downstream tasks scheduled from follow-on schedule check
[2025-12-08T13:35:13.329+0000] {local_task_job_runner.py:222} INFO - ::endgroup::
