[2025-12-08T14:47:03.967+0000] {local_task_job_runner.py:120} INFO - ::group::Pre task execution logs
[2025-12-08T14:47:04.018+0000] {taskinstance.py:2076} INFO - Dependencies all met for dep_context=non-requeueable deps ti=<TaskInstance: 01_load_row.task_trancute manual__2025-12-08T14:46:57.144038+00:00 [queued]>
[2025-12-08T14:47:04.022+0000] {taskinstance.py:2076} INFO - Dependencies all met for dep_context=requeueable deps ti=<TaskInstance: 01_load_row.task_trancute manual__2025-12-08T14:46:57.144038+00:00 [queued]>
[2025-12-08T14:47:04.022+0000] {taskinstance.py:2306} INFO - Starting attempt 1 of 2
[2025-12-08T14:47:04.029+0000] {taskinstance.py:2330} INFO - Executing <Task(SnowflakeOperator): task_trancute> on 2025-12-08 14:46:57.144038+00:00
[2025-12-08T14:47:04.057+0000] {standard_task_runner.py:90} INFO - Running: ['***', 'tasks', 'run', '01_load_row', 'task_trancute', 'manual__2025-12-08T14:46:57.144038+00:00', '--job-id', '19', '--raw', '--subdir', 'DAGS_FOLDER/01_load_row.py', '--cfg-path', '/tmp/tmp9vb1x4kt']
[2025-12-08T14:47:04.062+0000] {standard_task_runner.py:91} INFO - Job 19: Subtask task_trancute
[2025-12-08T14:47:04.062+0000] {logging_mixin.py:188} WARNING - /home/***/.local/lib/python3.12/site-packages/***/task/task_runner/standard_task_runner.py:61 DeprecationWarning: This process (pid=939) is multi-threaded, use of fork() may lead to deadlocks in the child.
[2025-12-08T14:47:04.066+0000] {standard_task_runner.py:63} INFO - Started process 942 to run task
[2025-12-08T14:47:04.211+0000] {task_command.py:426} INFO - Running <TaskInstance: 01_load_row.task_trancute manual__2025-12-08T14:46:57.144038+00:00 [running]> on host adc057c3c16c
[2025-12-08T14:47:04.346+0000] {taskinstance.py:2648} INFO - Exporting env vars: AIRFLOW_CTX_DAG_OWNER='***' AIRFLOW_CTX_DAG_ID='01_load_row' AIRFLOW_CTX_TASK_ID='task_trancute' AIRFLOW_CTX_EXECUTION_DATE='2025-12-08T14:46:57.144038+00:00' AIRFLOW_CTX_TRY_NUMBER='1' AIRFLOW_CTX_DAG_RUN_ID='manual__2025-12-08T14:46:57.144038+00:00'
[2025-12-08T14:47:04.349+0000] {taskinstance.py:430} INFO - ::endgroup::
[2025-12-08T14:47:04.384+0000] {sql.py:276} INFO - Executing: TRUNCATE TABLE AIRLINE_DWH.RAW_LAYER.STG_AIRLINE_RAW;
[2025-12-08T14:47:04.389+0000] {base.py:84} INFO - Using connection ID 'snowflake_conn' for task execution.
[2025-12-08T14:47:04.393+0000] {base.py:84} INFO - Using connection ID 'snowflake_conn' for task execution.
[2025-12-08T14:47:04.394+0000] {connection.py:399} INFO - Snowflake Connector for Python Version: 3.10.0, Python Version: 3.12.3, Platform: Linux-6.10.14-linuxkit-aarch64-with-glibc2.36
[2025-12-08T14:47:04.394+0000] {connection.py:1239} INFO - This connection is in OCSP Fail Open Mode. TLS Certificates would be checked for validity and revocation status. Any other Certificate Revocation related exceptions or OCSP Responder failures would be disregarded in favor of connectivity.
[2025-12-08T14:47:06.018+0000] {cursor.py:1149} INFO - Number of results in first chunk: 1
[2025-12-08T14:47:06.021+0000] {sql.py:470} INFO - Running statement: TRUNCATE TABLE AIRLINE_DWH.RAW_LAYER.STG_AIRLINE_RAW;, parameters: None
[2025-12-08T14:47:06.237+0000] {cursor.py:1149} INFO - Number of results in first chunk: 1
[2025-12-08T14:47:06.238+0000] {sql.py:479} INFO - Rows affected: 1
[2025-12-08T14:47:06.250+0000] {snowflake.py:407} INFO - Rows affected: 1
[2025-12-08T14:47:06.251+0000] {snowflake.py:408} INFO - Snowflake query id: 01c0ea37-0004-f671-0001-1a22000190aa
[2025-12-08T14:47:06.442+0000] {cursor.py:1149} INFO - Number of results in first chunk: 1
[2025-12-08T14:47:06.889+0000] {connection.py:762} INFO - closed
[2025-12-08T14:47:07.076+0000] {connection.py:768} INFO - No async queries seem to be running, deleting session
[2025-12-08T14:47:07.134+0000] {taskinstance.py:441} INFO - ::group::Post task execution logs
[2025-12-08T14:47:07.171+0000] {taskinstance.py:1206} INFO - Marking task as SUCCESS. dag_id=01_load_row, task_id=task_trancute, run_id=manual__2025-12-08T14:46:57.144038+00:00, execution_date=20251208T144657, start_date=20251208T144704, end_date=20251208T144707
[2025-12-08T14:47:07.206+0000] {local_task_job_runner.py:240} INFO - Task exited with return code 0
[2025-12-08T14:47:07.229+0000] {logging_mixin.py:188} WARNING - /home/***/.local/lib/python3.12/site-packages/***/models/baseoperator.py:1296 AirflowProviderDeprecationWarning: Call to deprecated class SnowflakeOperator. (This class is deprecated. Please use `***.providers.common.sql.operators.sql.SQLExecuteQueryOperator`. Also, you can provide `hook_params={'warehouse': <warehouse>, 'database': <database>, 'role': <role>, 'schema': <schema>, 'authenticator': <authenticator>,'session_parameters': <session_parameters>}`.)
[2025-12-08T14:47:07.244+0000] {taskinstance.py:3498} INFO - 1 downstream tasks scheduled from follow-on schedule check
[2025-12-08T14:47:07.245+0000] {local_task_job_runner.py:222} INFO - ::endgroup::
